<?xml version="1.0" encoding="UTF-8"?>
<!-- Generated by org.testng.reporters.JUnitXMLReporter -->
<testsuite ignored="5" hostname="TestVagrants-MacBook-Pro.local" failures="0" tests="7" name="Surefire test" time="30.428" errors="0" timestamp="2023-10-19T00:43:28 IST">
  <testcase classname="api.testcases.UserTestCases" name="shouldAddUser" time="9.104"/>
  <testcase classname="api.testcases.UserTestCases" name="shouldUpdateUserProfile" time="1.562"/>
  <testcase classname="api.testcases.ContactTestCases" name="shouldAddContact" time="6.627"/>
  <testcase classname="api.testcases.ContactTestCases" name="shouldGetContactList" time="1.512"/>
  <testcase classname="api.testcases.ContactTestCases" name="shouldGetContact" time="1.534"/>
  <testcase classname="api.testcases.ContactTestCases" name="shouldUpdateContact" time="1.527"/>
  <testcase classname="api.testcases.ContactTestCases" name="shouldDeleteContact" time="6.551"/>
  <testcase classname="api.testcases.UserTestCases" name="shouldDeleteUserProfile" time="0.0">
    <ignored/>
  </testcase> <!-- shouldDeleteUserProfile -->
  <testcase classname="api.testcases.UserTestCases" name="shouldUserLogOut" time="0.0">
    <ignored/>
  </testcase> <!-- shouldUserLogOut -->
  <testcase classname="api.testcases.ContactTestCases" name="shouldUpdateName" time="0.0">
    <ignored/>
  </testcase> <!-- shouldUpdateName -->
  <testcase classname="api.testcases.UserTestCases" name="shouldGetUserProfile" time="0.0">
    <ignored/>
  </testcase> <!-- shouldGetUserProfile -->
  <testcase classname="api.testcases.UserTestCases" name="shouldUserLogIn" time="0.0">
    <ignored/>
  </testcase> <!-- shouldUserLogIn -->
</testsuite> <!-- Surefire test -->
