<?xml version="1.0" encoding="UTF-8"?>
<testsuite xmlns:xsi="http://www.w3.org/2001/XMLSchema-instance" xsi:noNamespaceSchemaLocation="https://maven.apache.org/surefire/maven-surefire-plugin/xsd/surefire-test-report-3.0.xsd" version="3.0" name="TestSuite" time="31.304" tests="7" errors="0" skipped="0" failures="0">
  <properties>
[...]
</properties>
  <testcase name="shouldAddUser" classname="api.testcases.UserTestCases" time="9.162">
    <system-err><![CDATA[SLF4J: Failed to load class "org.slf4j.impl.StaticLoggerBinder".
SLF4J: Defaulting to no-operation (NOP) logger implementation
SLF4J: See http://www.slf4j.org/codes.html#StaticLoggerBinder for further details.
]]></system-err>
  </testcase>
  <testcase name="shouldUpdateUserProfile" classname="api.testcases.UserTestCases" time="1.564"/>
  <testcase name="shouldAddContact" classname="api.testcases.ContactTestCases" time="6.635">
    <system-out><![CDATA[65302e4c7ee017001337b6e5
]]></system-out>
  </testcase>
  <testcase name="shouldGetContactList" classname="api.testcases.ContactTestCases" time="1.513"/>
  <testcase name="shouldGetContact" classname="api.testcases.ContactTestCases" time="1.542"/>
  <testcase name="shouldUpdateContact" classname="api.testcases.ContactTestCases" time="1.528"/>
  <testcase name="shouldDeleteContact" classname="api.testcases.ContactTestCases" time="6.558"/>
</testsuite>